This file contains any messages produced by compilers while
running configure, to aid debugging if configure makes a mistake.

It was created by putty configure 0.70, which was
generated by GNU Autoconf 2.69.  Invocation command line was

  $ ./configure 

## --------- ##
## Platform. ##
## --------- ##

hostname = localhost.localdomain
uname -m = x86_64
uname -r = 4.8.6-201.fc21.x86_64
uname -s = Linux
uname -v = #1 SMP Wed Nov 9 20:21:15 CST 2016

/usr/bin/uname -p = x86_64
/bin/uname -X     = unknown

/bin/arch              = x86_64
/usr/bin/arch -k       = unknown
/usr/convex/getsysinfo = unknown
/usr/bin/hostinfo      = unknown
/bin/machine           = unknown
/usr/bin/oslevel       = unknown
/bin/universe          = unknown

PATH: /usr/local/arc/arcanist/bin
PATH: /usr/bin/php/bin
PATH: /usr/lib/jvm/java-1.8.0-openjdk-1.8.0.25-4.b18.fc21.x86_64/bin
PATH: /usr/lib/jvm/java-1.8.0-openjdk-1.8.0.25-4.b18.fc21.x86_64/jre/bin
PATH: /usr/lib64/qt-3.3/bin
PATH: /usr/lib64/ccache
PATH: /usr/local/sbin
PATH: /usr/sbin
PATH: /usr/local/bin
PATH: /usr/bin
PATH: /bin
PATH: /root/bin


## ----------- ##
## Core tests. ##
## ----------- ##

configure:2289: checking for a BSD-compatible install
configure:2357: result: /usr/bin/install -c
configure:2368: checking whether build environment is sane
configure:2423: result: yes
configure:2574: checking for a thread-safe mkdir -p
configure:2613: result: /usr/bin/mkdir -p
configure:2620: checking for gawk
configure:2636: found /usr/bin/gawk
configure:2647: result: gawk
configure:2658: checking whether make sets $(MAKE)
configure:2680: result: yes
configure:2709: checking whether make supports nested variables
configure:2726: result: yes
configure:2897: checking for ranlib
configure:2913: found /usr/bin/ranlib
configure:2924: result: ranlib
configure:2958: checking for style of include used by make
configure:2986: result: GNU
configure:3057: checking for gcc
configure:3073: found /usr/lib64/ccache/gcc
configure:3084: result: gcc
configure:3313: checking for C compiler version
configure:3322: gcc --version >&5
gcc (GCC) 4.9.2 20141101 (Red Hat 4.9.2-1)
Copyright (C) 2014 Free Software Foundation, Inc.
This is free software; see the source for copying conditions.  There is NO
warranty; not even for MERCHANTABILITY or FITNESS FOR A PARTICULAR PURPOSE.

configure:3333: $? = 0
configure:3322: gcc -v >&5
Using built-in specs.
COLLECT_GCC=/usr/bin/gcc
COLLECT_LTO_WRAPPER=/usr/libexec/gcc/x86_64-redhat-linux/4.9.2/lto-wrapper
Target: x86_64-redhat-linux
Configured with: ../configure --prefix=/usr --mandir=/usr/share/man --infodir=/usr/share/info --with-bugurl=http://bugzilla.redhat.com/bugzilla --enable-bootstrap --enable-shared --enable-threads=posix --enable-checking=release --enable-multilib --with-system-zlib --enable-__cxa_atexit --disable-libunwind-exceptions --enable-gnu-unique-object --enable-linker-build-id --with-linker-hash-style=gnu --enable-languages=c,c++,objc,obj-c++,fortran,ada,go,lto --enable-plugin --enable-initfini-array --disable-libgcj --with-isl=/builddir/build/BUILD/gcc-4.9.2-20141101/obj-x86_64-redhat-linux/isl-install --with-cloog=/builddir/build/BUILD/gcc-4.9.2-20141101/obj-x86_64-redhat-linux/cloog-install --enable-gnu-indirect-function --with-tune=generic --with-arch_32=i686 --build=x86_64-redhat-linux
Thread model: posix
gcc version 4.9.2 20141101 (Red Hat 4.9.2-1) (GCC) 
configure:3333: $? = 0
configure:3322: gcc -V >&5
gcc: error: unrecognized command line option '-V'
gcc: fatal error: no input files
compilation terminated.
configure:3333: $? = 4
configure:3322: gcc -qversion >&5
gcc: error: unrecognized command line option '-qversion'
gcc: fatal error: no input files
compilation terminated.
configure:3333: $? = 4
configure:3353: checking whether the C compiler works
configure:3375: gcc    conftest.c  >&5
configure:3379: $? = 0
configure:3427: result: yes
configure:3430: checking for C compiler default output file name
configure:3432: result: a.out
configure:3438: checking for suffix of executables
configure:3445: gcc -o conftest    conftest.c  >&5
configure:3449: $? = 0
configure:3471: result: 
configure:3493: checking whether we are cross compiling
configure:3501: gcc -o conftest    conftest.c  >&5
configure:3505: $? = 0
configure:3512: ./conftest
configure:3516: $? = 0
configure:3531: result: no
configure:3536: checking for suffix of object files
configure:3558: gcc -c   conftest.c >&5
configure:3562: $? = 0
configure:3583: result: o
configure:3587: checking whether we are using the GNU C compiler
configure:3606: gcc -c   conftest.c >&5
configure:3606: $? = 0
configure:3615: result: yes
configure:3624: checking whether gcc accepts -g
configure:3644: gcc -c -g  conftest.c >&5
configure:3644: $? = 0
configure:3685: result: yes
configure:3702: checking for gcc option to accept ISO C89
configure:3765: gcc  -c -g -O2  conftest.c >&5
configure:3765: $? = 0
configure:3778: result: none needed
configure:3803: checking whether gcc understands -c and -o together
configure:3825: gcc -c conftest.c -o conftest2.o
configure:3828: $? = 0
configure:3825: gcc -c conftest.c -o conftest2.o
configure:3828: $? = 0
configure:3840: result: yes
configure:3859: checking dependency style of gcc
configure:3970: result: gcc3
configure:4035: checking for ar
configure:4051: found /usr/bin/ar
configure:4062: result: ar
configure:4088: checking the archiver (ar) interface
configure:4104: gcc -c -g -O2  conftest.c >&5
configure:4104: $? = 0
configure:4106: ar cru libconftest.a conftest.o >&5
configure:4109: $? = 0
configure:4137: result: ar
configure:4271: checking for utmpx.h
configure:4271: gcc -c -g -O2  conftest.c >&5
configure:4271: $? = 0
configure:4271: result: yes
configure:4271: checking for sys/select.h
configure:4271: gcc -c -g -O2  conftest.c >&5
configure:4271: $? = 0
configure:4271: result: yes
configure:4317: checking for pkg-config
configure:4335: found /usr/bin/pkg-config
configure:4348: result: /usr/bin/pkg-config
configure:4369: checking for GTK+ - version >= 3.0.0
configure:4476: gcc -o conftest -g -O2 -pthread -I/usr/include/gtk-3.0 -I/usr/include/at-spi2-atk/2.0 -I/usr/include/at-spi-2.0 -I/usr/include/dbus-1.0 -I/usr/lib64/dbus-1.0/include -I/usr/include/gtk-3.0 -I/usr/include/gio-unix-2.0/ -I/usr/include/cairo -I/usr/include/pango-1.0 -I/usr/include/harfbuzz -I/usr/include/pango-1.0 -I/usr/include/atk-1.0 -I/usr/include/cairo -I/usr/include/pixman-1 -I/usr/include/freetype2 -I/usr/include/libpng16 -I/usr/include/freetype2 -I/usr/include/libdrm -I/usr/include/libpng16 -I/usr/include/gdk-pixbuf-2.0 -I/usr/include/libpng16 -I/usr/include/glib-2.0 -I/usr/lib64/glib-2.0/include    conftest.c -lgtk-3 -lgdk-3 -lpangocairo-1.0 -lpango-1.0 -latk-1.0 -lcairo-gobject -lcairo -lgdk_pixbuf-2.0 -lgio-2.0 -lgobject-2.0 -lglib-2.0   >&5
configure:4476: $? = 0
configure:4476: ./conftest
configure:4476: $? = 0
configure:4490: result: yes (version 3.14.5)
configure:5079: checking for pango_font_family_is_monospace
configure:5079: gcc -o conftest -g -O2 -pthread -I/usr/include/gtk-3.0 -I/usr/include/at-spi2-atk/2.0 -I/usr/include/at-spi-2.0 -I/usr/include/dbus-1.0 -I/usr/lib64/dbus-1.0/include -I/usr/include/gtk-3.0 -I/usr/include/gio-unix-2.0/ -I/usr/include/cairo -I/usr/include/pango-1.0 -I/usr/include/harfbuzz -I/usr/include/pango-1.0 -I/usr/include/atk-1.0 -I/usr/include/cairo -I/usr/include/pixman-1 -I/usr/include/freetype2 -I/usr/include/libpng16 -I/usr/include/freetype2 -I/usr/include/libdrm -I/usr/include/libpng16 -I/usr/include/gdk-pixbuf-2.0 -I/usr/include/libpng16 -I/usr/include/glib-2.0 -I/usr/lib64/glib-2.0/include    conftest.c -lgtk-3 -lgdk-3 -lpangocairo-1.0 -lpango-1.0 -latk-1.0 -lcairo-gobject -lcairo -lgdk_pixbuf-2.0 -lgio-2.0 -lgobject-2.0 -lglib-2.0   >&5
configure:5079: $? = 0
configure:5079: result: yes
configure:5079: checking for pango_font_map_list_families
configure:5079: gcc -o conftest -g -O2 -pthread -I/usr/include/gtk-3.0 -I/usr/include/at-spi2-atk/2.0 -I/usr/include/at-spi-2.0 -I/usr/include/dbus-1.0 -I/usr/lib64/dbus-1.0/include -I/usr/include/gtk-3.0 -I/usr/include/gio-unix-2.0/ -I/usr/include/cairo -I/usr/include/pango-1.0 -I/usr/include/harfbuzz -I/usr/include/pango-1.0 -I/usr/include/atk-1.0 -I/usr/include/cairo -I/usr/include/pixman-1 -I/usr/include/freetype2 -I/usr/include/libpng16 -I/usr/include/freetype2 -I/usr/include/libdrm -I/usr/include/libpng16 -I/usr/include/gdk-pixbuf-2.0 -I/usr/include/libpng16 -I/usr/include/glib-2.0 -I/usr/lib64/glib-2.0/include    conftest.c -lgtk-3 -lgdk-3 -lpangocairo-1.0 -lpango-1.0 -latk-1.0 -lcairo-gobject -lcairo -lgdk_pixbuf-2.0 -lgio-2.0 -lgobject-2.0 -lglib-2.0   >&5
configure:5079: $? = 0
configure:5079: result: yes
configure:5092: checking for library containing socket
configure:5123: gcc -o conftest -g -O2   conftest.c  >&5
configure:5123: $? = 0
configure:5140: result: none required
configure:5154: checking how to run the C preprocessor
configure:5185: gcc -E  conftest.c
configure:5185: $? = 0
configure:5199: gcc -E  conftest.c
conftest.c:16:28: fatal error: ac_nonexistent.h: No such file or directory
 #include <ac_nonexistent.h>
                            ^
compilation terminated.
configure:5199: $? = 1
configure: failed program was:
| /* confdefs.h */
| #define PACKAGE_NAME "putty"
| #define PACKAGE_TARNAME "putty"
| #define PACKAGE_VERSION "0.70"
| #define PACKAGE_STRING "putty 0.70"
| #define PACKAGE_BUGREPORT ""
| #define PACKAGE_URL ""
| #define PACKAGE "putty"
| #define VERSION "0.70"
| #define WITH_GSSAPI 1
| #define HAVE_UTMPX_H 1
| #define HAVE_SYS_SELECT_H 1
| #define HAVE_PANGO_FONT_FAMILY_IS_MONOSPACE 1
| #define HAVE_PANGO_FONT_MAP_LIST_FAMILIES 1
| /* end confdefs.h.  */
| #include <ac_nonexistent.h>
configure:5224: result: gcc -E
configure:5244: gcc -E  conftest.c
configure:5244: $? = 0
configure:5258: gcc -E  conftest.c
conftest.c:16:28: fatal error: ac_nonexistent.h: No such file or directory
 #include <ac_nonexistent.h>
                            ^
compilation terminated.
configure:5258: $? = 1
configure: failed program was:
| /* confdefs.h */
| #define PACKAGE_NAME "putty"
| #define PACKAGE_TARNAME "putty"
| #define PACKAGE_VERSION "0.70"
| #define PACKAGE_STRING "putty 0.70"
| #define PACKAGE_BUGREPORT ""
| #define PACKAGE_URL ""
| #define PACKAGE "putty"
| #define VERSION "0.70"
| #define WITH_GSSAPI 1
| #define HAVE_UTMPX_H 1
| #define HAVE_SYS_SELECT_H 1
| #define HAVE_PANGO_FONT_FAMILY_IS_MONOSPACE 1
| #define HAVE_PANGO_FONT_MAP_LIST_FAMILIES 1
| /* end confdefs.h.  */
| #include <ac_nonexistent.h>
configure:5287: checking for grep that handles long lines and -e
configure:5345: result: /usr/bin/grep
configure:5350: checking for egrep
configure:5412: result: /usr/bin/grep -E
configure:5417: checking for ANSI C header files
configure:5437: gcc -c -g -O2  conftest.c >&5
configure:5437: $? = 0
configure:5510: gcc -o conftest -g -O2   conftest.c  >&5
configure:5510: $? = 0
configure:5510: ./conftest
configure:5510: $? = 0
configure:5521: result: yes
configure:5534: checking for sys/types.h
configure:5534: gcc -c -g -O2  conftest.c >&5
configure:5534: $? = 0
configure:5534: result: yes
configure:5534: checking for sys/stat.h
configure:5534: gcc -c -g -O2  conftest.c >&5
configure:5534: $? = 0
configure:5534: result: yes
configure:5534: checking for stdlib.h
configure:5534: gcc -c -g -O2  conftest.c >&5
configure:5534: $? = 0
configure:5534: result: yes
configure:5534: checking for string.h
configure:5534: gcc -c -g -O2  conftest.c >&5
configure:5534: $? = 0
configure:5534: result: yes
configure:5534: checking for memory.h
configure:5534: gcc -c -g -O2  conftest.c >&5
configure:5534: $? = 0
configure:5534: result: yes
configure:5534: checking for strings.h
configure:5534: gcc -c -g -O2  conftest.c >&5
configure:5534: $? = 0
configure:5534: result: yes
configure:5534: checking for inttypes.h
configure:5534: gcc -c -g -O2  conftest.c >&5
configure:5534: $? = 0
configure:5534: result: yes
configure:5534: checking for stdint.h
configure:5534: gcc -c -g -O2  conftest.c >&5
configure:5534: $? = 0
configure:5534: result: yes
configure:5534: checking for unistd.h
configure:5534: gcc -c -g -O2  conftest.c >&5
configure:5534: $? = 0
configure:5534: result: yes
configure:5547: checking for library containing dlopen
configure:5578: gcc -o conftest -g -O2   conftest.c  >&5
/tmp/ccWC4jQj.o: In function `main':
/media/B/cjn/putty-0.70/conftest.c:37: undefined reference to `dlopen'
collect2: error: ld returned 1 exit status
configure:5578: $? = 1
configure: failed program was:
| /* confdefs.h */
| #define PACKAGE_NAME "putty"
| #define PACKAGE_TARNAME "putty"
| #define PACKAGE_VERSION "0.70"
| #define PACKAGE_STRING "putty 0.70"
| #define PACKAGE_BUGREPORT ""
| #define PACKAGE_URL ""
| #define PACKAGE "putty"
| #define VERSION "0.70"
| #define WITH_GSSAPI 1
| #define HAVE_UTMPX_H 1
| #define HAVE_SYS_SELECT_H 1
| #define HAVE_PANGO_FONT_FAMILY_IS_MONOSPACE 1
| #define HAVE_PANGO_FONT_MAP_LIST_FAMILIES 1
| #define STDC_HEADERS 1
| #define HAVE_SYS_TYPES_H 1
| #define HAVE_SYS_STAT_H 1
| #define HAVE_STDLIB_H 1
| #define HAVE_STRING_H 1
| #define HAVE_MEMORY_H 1
| #define HAVE_STRINGS_H 1
| #define HAVE_INTTYPES_H 1
| #define HAVE_STDINT_H 1
| #define HAVE_UNISTD_H 1
| /* end confdefs.h.  */
| 
| /* Override any GCC internal prototype to avoid an error.
|    Use char because int might match the return type of a GCC
|    builtin and then its argument prototype would still apply.  */
| #ifdef __cplusplus
| extern "C"
| #endif
| char dlopen ();
| int
| main ()
| {
| return dlopen ();
|   ;
|   return 0;
| }
configure:5578: gcc -o conftest -g -O2   conftest.c -ldl   >&5
configure:5578: $? = 0
configure:5595: result: -ldl
configure:5681: checking for XOpenDisplay in -lX11
configure:5706: gcc -o conftest -g -O2   conftest.c -lX11  -ldl  >&5
configure:5706: $? = 0
configure:5715: result: yes
configure:5728: checking for getaddrinfo
configure:5728: gcc -o conftest -g -O2   conftest.c -ldl  >&5
configure:5728: $? = 0
configure:5728: result: yes
configure:5728: checking for posix_openpt
configure:5728: gcc -o conftest -g -O2   conftest.c -ldl  >&5
configure:5728: $? = 0
configure:5728: result: yes
configure:5728: checking for ptsname
configure:5728: gcc -o conftest -g -O2   conftest.c -ldl  >&5
configure:5728: $? = 0
configure:5728: result: yes
configure:5728: checking for setresuid
configure:5728: gcc -o conftest -g -O2   conftest.c -ldl  >&5
configure:5728: $? = 0
configure:5728: result: yes
configure:5728: checking for strsignal
configure:5728: gcc -o conftest -g -O2   conftest.c -ldl  >&5
configure:5728: $? = 0
configure:5728: result: yes
configure:5728: checking for updwtmpx
configure:5728: gcc -o conftest -g -O2   conftest.c -ldl  >&5
configure:5728: $? = 0
configure:5728: result: yes
configure:5737: checking whether CLOCK_MONOTONIC is declared
configure:5737: gcc -c -g -O2  conftest.c >&5
configure:5737: $? = 0
configure:5737: result: yes
configure:5749: checking for library containing clock_gettime
configure:5780: gcc -o conftest -g -O2   conftest.c -ldl  >&5
configure:5780: $? = 0
configure:5797: result: none required
configure:5808: checking for SO_PEERCRED and dependencies
configure:5836: gcc -c -g -O2  conftest.c >&5
configure:5836: $? = 0
configure:5845: result: yes
configure:5972: checking that generated files are newer than configure
configure:5978: result: done
configure:6017: creating ./config.status

## ---------------------- ##
## Running config.status. ##
## ---------------------- ##

This file was extended by putty config.status 0.70, which was
generated by GNU Autoconf 2.69.  Invocation command line was

  CONFIG_FILES    = 
  CONFIG_HEADERS  = 
  CONFIG_LINKS    = 
  CONFIG_COMMANDS = 
  $ ./config.status 

on localhost.localdomain

config.status:891: creating Makefile
config.status:891: creating uxconfig.h
config.status:1120: executing depfiles commands

## ---------------- ##
## Cache variables. ##
## ---------------- ##

ac_cv_c_compiler_gnu=yes
ac_cv_env_CC_set=
ac_cv_env_CC_value=
ac_cv_env_CFLAGS_set=
ac_cv_env_CFLAGS_value=
ac_cv_env_CPPFLAGS_set=
ac_cv_env_CPPFLAGS_value=
ac_cv_env_CPP_set=
ac_cv_env_CPP_value=
ac_cv_env_LDFLAGS_set=
ac_cv_env_LDFLAGS_value=
ac_cv_env_LIBS_set=
ac_cv_env_LIBS_value=
ac_cv_env_PKG_CONFIG_LIBDIR_set=
ac_cv_env_PKG_CONFIG_LIBDIR_value=
ac_cv_env_PKG_CONFIG_PATH_set=
ac_cv_env_PKG_CONFIG_PATH_value=
ac_cv_env_PKG_CONFIG_set=
ac_cv_env_PKG_CONFIG_value=
ac_cv_env_build_alias_set=
ac_cv_env_build_alias_value=
ac_cv_env_host_alias_set=
ac_cv_env_host_alias_value=
ac_cv_env_target_alias_set=
ac_cv_env_target_alias_value=
ac_cv_func_getaddrinfo=yes
ac_cv_func_pango_font_family_is_monospace=yes
ac_cv_func_pango_font_map_list_families=yes
ac_cv_func_posix_openpt=yes
ac_cv_func_ptsname=yes
ac_cv_func_setresuid=yes
ac_cv_func_strsignal=yes
ac_cv_func_updwtmpx=yes
ac_cv_have_decl_CLOCK_MONOTONIC=yes
ac_cv_header_inttypes_h=yes
ac_cv_header_memory_h=yes
ac_cv_header_stdc=yes
ac_cv_header_stdint_h=yes
ac_cv_header_stdlib_h=yes
ac_cv_header_string_h=yes
ac_cv_header_strings_h=yes
ac_cv_header_sys_select_h=yes
ac_cv_header_sys_stat_h=yes
ac_cv_header_sys_types_h=yes
ac_cv_header_unistd_h=yes
ac_cv_header_utmpx_h=yes
ac_cv_lib_X11_XOpenDisplay=yes
ac_cv_objext=o
ac_cv_path_EGREP='/usr/bin/grep -E'
ac_cv_path_GREP=/usr/bin/grep
ac_cv_path_PKG_CONFIG=/usr/bin/pkg-config
ac_cv_path_install='/usr/bin/install -c'
ac_cv_path_mkdir=/usr/bin/mkdir
ac_cv_prog_AWK=gawk
ac_cv_prog_CPP='gcc -E'
ac_cv_prog_ac_ct_AR=ar
ac_cv_prog_ac_ct_CC=gcc
ac_cv_prog_ac_ct_RANLIB=ranlib
ac_cv_prog_cc_c89=
ac_cv_prog_cc_g=yes
ac_cv_prog_make_make_set=yes
ac_cv_search_clock_gettime='none required'
ac_cv_search_dlopen=-ldl
ac_cv_search_socket='none required'
am_cv_CC_dependencies_compiler_type=gcc3
am_cv_ar_interface=ar
am_cv_make_support_nested_variables=yes
am_cv_prog_cc_c_o=yes
x_cv_linux_so_peercred=yes

## ----------------- ##
## Output variables. ##
## ----------------- ##

ACLOCAL='${SHELL} /media/B/cjn/putty-0.70/missing aclocal-1.15'
AMDEPBACKSLASH='\'
AMDEP_FALSE='#'
AMDEP_TRUE=''
AMTAR='$${TAR-tar}'
AM_BACKSLASH='\'
AM_DEFAULT_V='$(AM_DEFAULT_VERBOSITY)'
AM_DEFAULT_VERBOSITY='1'
AM_V='$(V)'
AR='ar'
AUTOCONF='${SHELL} /media/B/cjn/putty-0.70/missing autoconf'
AUTOHEADER='${SHELL} /media/B/cjn/putty-0.70/missing autoheader'
AUTOMAKE='${SHELL} /media/B/cjn/putty-0.70/missing automake-1.15'
AUTO_GIT_COMMIT_FALSE=''
AUTO_GIT_COMMIT_TRUE='#'
AWK='gawk'
CC='gcc'
CCDEPMODE='depmode=gcc3'
CFLAGS='-g -O2'
CPP='gcc -E'
CPPFLAGS=''
CYGPATH_W='echo'
DEFS='-DHAVE_CONFIG_H'
DEPDIR='.deps'
ECHO_C=''
ECHO_N='-n'
ECHO_T=''
EGREP='/usr/bin/grep -E'
EXEEXT=''
GREP='/usr/bin/grep'
GTK1_CONFIG=''
GTK_CFLAGS='-pthread -I/usr/include/gtk-3.0 -I/usr/include/at-spi2-atk/2.0 -I/usr/include/at-spi-2.0 -I/usr/include/dbus-1.0 -I/usr/lib64/dbus-1.0/include -I/usr/include/gtk-3.0 -I/usr/include/gio-unix-2.0/ -I/usr/include/cairo -I/usr/include/pango-1.0 -I/usr/include/harfbuzz -I/usr/include/pango-1.0 -I/usr/include/atk-1.0 -I/usr/include/cairo -I/usr/include/pixman-1 -I/usr/include/freetype2 -I/usr/include/libpng16 -I/usr/include/freetype2 -I/usr/include/libdrm -I/usr/include/libpng16 -I/usr/include/gdk-pixbuf-2.0 -I/usr/include/libpng16 -I/usr/include/glib-2.0 -I/usr/lib64/glib-2.0/include '
GTK_LIBS='-lX11 -lgtk-3 -lgdk-3 -lpangocairo-1.0 -lpango-1.0 -latk-1.0 -lcairo-gobject -lcairo -lgdk_pixbuf-2.0 -lgio-2.0 -lgobject-2.0 -lglib-2.0 '
HAVE_GTK_FALSE='#'
HAVE_GTK_TRUE=''
HAVE_QUARTZ_FALSE=''
HAVE_QUARTZ_TRUE='#'
HAVE_SETID_CMD_FALSE=''
HAVE_SETID_CMD_TRUE='#'
INSTALL_DATA='${INSTALL} -m 644'
INSTALL_PROGRAM='${INSTALL}'
INSTALL_SCRIPT='${INSTALL}'
INSTALL_STRIP_PROGRAM='$(install_sh) -c -s'
LDFLAGS=''
LIBOBJS=''
LIBS='-ldl '
LTLIBOBJS=''
MAKEINFO='${SHELL} /media/B/cjn/putty-0.70/missing makeinfo'
MKDIR_P='/usr/bin/mkdir -p'
OBJEXT='o'
PACKAGE='putty'
PACKAGE_BUGREPORT=''
PACKAGE_NAME='putty'
PACKAGE_STRING='putty 0.70'
PACKAGE_TARNAME='putty'
PACKAGE_URL=''
PACKAGE_VERSION='0.70'
PATH_SEPARATOR=':'
PKG_CONFIG='/usr/bin/pkg-config'
PKG_CONFIG_LIBDIR=''
PKG_CONFIG_PATH=''
RANLIB='ranlib'
SETID_CMD=''
SETID_MODE=''
SET_MAKE=''
SHELL='/bin/sh'
STRIP=''
VERSION='0.70'
WARNINGOPTS='-Wall -Werror'
ac_ct_AR='ar'
ac_ct_CC='gcc'
am__EXEEXT_FALSE=''
am__EXEEXT_TRUE='#'
am__fastdepCC_FALSE='#'
am__fastdepCC_TRUE=''
am__include='include'
am__isrc=''
am__leading_dot='.'
am__nodep='_no'
am__quote=''
am__tar='$${TAR-tar} chof - "$$tardir"'
am__untar='$${TAR-tar} xf -'
bindir='${exec_prefix}/bin'
build_alias=''
datadir='${datarootdir}'
datarootdir='${prefix}/share'
docdir='${datarootdir}/doc/${PACKAGE_TARNAME}'
dvidir='${docdir}'
exec_prefix='${prefix}'
host_alias=''
htmldir='${docdir}'
includedir='${prefix}/include'
infodir='${datarootdir}/info'
install_sh='${SHELL} /media/B/cjn/putty-0.70/install-sh'
libdir='${exec_prefix}/lib'
libexecdir='${exec_prefix}/libexec'
localedir='${datarootdir}/locale'
localstatedir='${prefix}/var'
mandir='${datarootdir}/man'
mkdir_p='$(MKDIR_P)'
oldincludedir='/usr/include'
pdfdir='${docdir}'
prefix='/usr/local'
program_transform_name='s,x,x,'
psdir='${docdir}'
runstatedir='${localstatedir}/run'
sbindir='${exec_prefix}/sbin'
sharedstatedir='${prefix}/com'
sysconfdir='${prefix}/etc'
target_alias=''

## ----------- ##
## confdefs.h. ##
## ----------- ##

/* confdefs.h */
#define PACKAGE_NAME "putty"
#define PACKAGE_TARNAME "putty"
#define PACKAGE_VERSION "0.70"
#define PACKAGE_STRING "putty 0.70"
#define PACKAGE_BUGREPORT ""
#define PACKAGE_URL ""
#define PACKAGE "putty"
#define VERSION "0.70"
#define WITH_GSSAPI 1
#define HAVE_UTMPX_H 1
#define HAVE_SYS_SELECT_H 1
#define HAVE_PANGO_FONT_FAMILY_IS_MONOSPACE 1
#define HAVE_PANGO_FONT_MAP_LIST_FAMILIES 1
#define STDC_HEADERS 1
#define HAVE_SYS_TYPES_H 1
#define HAVE_SYS_STAT_H 1
#define HAVE_STDLIB_H 1
#define HAVE_STRING_H 1
#define HAVE_MEMORY_H 1
#define HAVE_STRINGS_H 1
#define HAVE_INTTYPES_H 1
#define HAVE_STDINT_H 1
#define HAVE_UNISTD_H 1
#define HAVE_LIBX11 /**/
#define HAVE_GETADDRINFO 1
#define HAVE_POSIX_OPENPT 1
#define HAVE_PTSNAME 1
#define HAVE_SETRESUID 1
#define HAVE_STRSIGNAL 1
#define HAVE_UPDWTMPX 1
#define HAVE_DECL_CLOCK_MONOTONIC 1
#define HAVE_CLOCK_GETTIME /**/
#define HAVE_SO_PEERCRED 1

configure: exit 0
